2026-01-05 15:41:14,875 - RazgonBot - INFO - Daily start balance set to: 10000.0
2026-01-05 15:41:14,876 - RazgonBot - WARNING - Daily Drawdown hit! -10.00% >= 5.0%
2026-01-05 15:53:41,832 - RazgonBot - INFO - Trading Loop Started
2026-01-05 15:53:41,835 - RazgonBot - INFO - Connected to MT5: TerminalInfo(community_account=False, community_connection=False, connected=True, dlls_allowed=False, trade_allowed=False, tradeapi_disabled=False, email_enabled=False, ftp_enabled=False, notifications_enabled=False, mqid=True, build=5488, maxbars=100000, codepage=1251, ping_last=110379, community_balance=0.0, retransmission=0.07347106709377847, company='MetaQuotes Ltd.', name='MetaTrader 5', language='Russian', path='C:\\Program Files\\MetaTrader 5', data_path='C:\\Users\\iqooow\\AppData\\Roaming\\MetaQuotes\\Terminal\\D0E8209F77C8CF37AD8BF550E51FF075', commondata_path='C:\\Users\\iqooow\\AppData\\Roaming\\MetaQuotes\\Terminal\\Common')
2026-01-05 15:53:41,836 - RazgonBot - INFO - Daily start balance set to: 100000.0
2026-01-05 15:53:42,165 - RazgonBot - INFO - Telegram Bot Polling Started...
2026-01-05 15:56:02,283 - RazgonBot - INFO - Trading Loop Started
2026-01-05 15:56:02,286 - RazgonBot - INFO - Connected to MT5: TerminalInfo(community_account=False, community_connection=False, connected=True, dlls_allowed=False, trade_allowed=False, tradeapi_disabled=False, email_enabled=False, ftp_enabled=False, notifications_enabled=False, mqid=True, build=5488, maxbars=100000, codepage=1251, ping_last=110379, community_balance=0.0, retransmission=0.1200640341515475, company='MetaQuotes Ltd.', name='MetaTrader 5', language='Russian', path='C:\\Program Files\\MetaTrader 5', data_path='C:\\Users\\iqooow\\AppData\\Roaming\\MetaQuotes\\Terminal\\D0E8209F77C8CF37AD8BF550E51FF075', commondata_path='C:\\Users\\iqooow\\AppData\\Roaming\\MetaQuotes\\Terminal\\Common')
2026-01-05 15:56:02,287 - RazgonBot - INFO - Daily start balance set to: 100000.0
2026-01-05 15:56:02,606 - RazgonBot - INFO - Telegram Bot Polling Started...
2026-01-05 16:34:10,942 - RazgonBot - INFO - MT5 connection closed
2026-01-05 16:34:14,316 - RazgonBot - INFO - Trading Loop Started
2026-01-05 16:34:14,318 - RazgonBot - INFO - Connected to MT5: TerminalInfo(community_account=False, community_connection=False, connected=True, dlls_allowed=False, trade_allowed=False, tradeapi_disabled=False, email_enabled=False, ftp_enabled=False, notifications_enabled=False, mqid=True, build=5488, maxbars=100000, codepage=1251, ping_last=110379, community_balance=0.0, retransmission=0.09503896597605019, company='MetaQuotes Ltd.', name='MetaTrader 5', language='Russian', path='C:\\Program Files\\MetaTrader 5', data_path='C:\\Users\\iqooow\\AppData\\Roaming\\MetaQuotes\\Terminal\\D0E8209F77C8CF37AD8BF550E51FF075', commondata_path='C:\\Users\\iqooow\\AppData\\Roaming\\MetaQuotes\\Terminal\\Common')
2026-01-05 16:34:14,319 - RazgonBot - INFO - Daily start balance set to: 100000.0
2026-01-05 16:34:14,638 - RazgonBot - INFO - Telegram Bot Polling Started...
2026-01-05 16:35:47,814 - RazgonBot - INFO - Trading Loop Started
2026-01-05 16:35:47,817 - RazgonBot - INFO - Connected to MT5: TerminalInfo(community_account=False, community_connection=False, connected=True, dlls_allowed=False, trade_allowed=False, tradeapi_disabled=False, email_enabled=False, ftp_enabled=False, notifications_enabled=False, mqid=True, build=5488, maxbars=100000, codepage=1251, ping_last=110379, community_balance=0.0, retransmission=0.09503896597605019, company='MetaQuotes Ltd.', name='MetaTrader 5', language='Russian', path='C:\\Program Files\\MetaTrader 5', data_path='C:\\Users\\iqooow\\AppData\\Roaming\\MetaQuotes\\Terminal\\D0E8209F77C8CF37AD8BF550E51FF075', commondata_path='C:\\Users\\iqooow\\AppData\\Roaming\\MetaQuotes\\Terminal\\Common')
2026-01-05 16:35:47,818 - RazgonBot - INFO - Daily start balance set to: 100000.0
2026-01-05 16:35:48,135 - RazgonBot - INFO - Telegram Bot Polling Started...
2026-01-05 16:37:45,969 - RazgonBot - INFO - MT5 connection closed
2026-01-05 16:37:48,740 - RazgonBot - INFO - Trading Loop Started
2026-01-05 16:37:48,742 - RazgonBot - INFO - Connected to MT5: TerminalInfo(community_account=False, community_connection=False, connected=True, dlls_allowed=False, trade_allowed=False, tradeapi_disabled=False, email_enabled=False, ftp_enabled=False, notifications_enabled=False, mqid=True, build=5488, maxbars=100000, codepage=1251, ping_last=110379, community_balance=0.0, retransmission=0.09503896597605019, company='MetaQuotes Ltd.', name='MetaTrader 5', language='Russian', path='C:\\Program Files\\MetaTrader 5', data_path='C:\\Users\\iqooow\\AppData\\Roaming\\MetaQuotes\\Terminal\\D0E8209F77C8CF37AD8BF550E51FF075', commondata_path='C:\\Users\\iqooow\\AppData\\Roaming\\MetaQuotes\\Terminal\\Common')
2026-01-05 16:37:48,742 - RazgonBot - INFO - Daily start balance set to: 100000.0
2026-01-05 16:37:49,058 - RazgonBot - INFO - Telegram Bot Polling Started...
2026-01-05 16:40:03,954 - RazgonBot - INFO - MT5 connection closed
2026-01-05 16:40:05,639 - RazgonBot - INFO - Trading Loop Started
2026-01-05 16:40:05,642 - RazgonBot - INFO - Connected to MT5: TerminalInfo(community_account=False, community_connection=False, connected=True, dlls_allowed=False, trade_allowed=False, tradeapi_disabled=False, email_enabled=False, ftp_enabled=False, notifications_enabled=False, mqid=True, build=5488, maxbars=100000, codepage=1251, ping_last=110379, community_balance=0.0, retransmission=1.0498915401301518, company='MetaQuotes Ltd.', name='MetaTrader 5', language='Russian', path='C:\\Program Files\\MetaTrader 5', data_path='C:\\Users\\iqooow\\AppData\\Roaming\\MetaQuotes\\Terminal\\D0E8209F77C8CF37AD8BF550E51FF075', commondata_path='C:\\Users\\iqooow\\AppData\\Roaming\\MetaQuotes\\Terminal\\Common')
2026-01-05 16:40:05,642 - RazgonBot - INFO - Daily start balance set to: 100000.0
2026-01-05 16:40:05,958 - RazgonBot - INFO - Telegram Bot Polling Started...
2026-01-05 16:41:34,542 - RazgonBot - INFO - MT5 connection closed
2026-01-05 16:41:48,902 - RazgonBot - INFO - Trading Loop Started
2026-01-05 16:41:48,906 - RazgonBot - INFO - Connected to MT5: TerminalInfo(community_account=False, community_connection=False, connected=True, dlls_allowed=False, trade_allowed=False, tradeapi_disabled=False, email_enabled=False, ftp_enabled=False, notifications_enabled=False, mqid=True, build=5488, maxbars=100000, codepage=1251, ping_last=110379, community_balance=0.0, retransmission=1.0498915401301518, company='MetaQuotes Ltd.', name='MetaTrader 5', language='Russian', path='C:\\Program Files\\MetaTrader 5', data_path='C:\\Users\\iqooow\\AppData\\Roaming\\MetaQuotes\\Terminal\\D0E8209F77C8CF37AD8BF550E51FF075', commondata_path='C:\\Users\\iqooow\\AppData\\Roaming\\MetaQuotes\\Terminal\\Common')
2026-01-05 16:41:48,907 - RazgonBot - INFO - Daily start balance set to: 100000.0
2026-01-05 16:41:49,231 - RazgonBot - INFO - Telegram Bot Polling Started...
2026-01-05 16:43:36,745 - RazgonBot - INFO - User enabled trading via Telegram
2026-01-05 16:43:39,722 - RazgonBot - ERROR - Failed to get data for BTCUSD
2026-01-05 16:43:49,747 - RazgonBot - ERROR - Failed to get data for BTCUSD
2026-01-05 16:43:59,778 - RazgonBot - ERROR - Failed to get data for BTCUSD
2026-01-05 16:44:09,804 - RazgonBot - ERROR - Failed to get data for BTCUSD
2026-01-05 16:44:19,837 - RazgonBot - ERROR - Failed to get data for BTCUSD
2026-01-05 16:44:29,861 - RazgonBot - ERROR - Failed to get data for BTCUSD
2026-01-05 16:44:39,882 - RazgonBot - ERROR - Failed to get data for BTCUSD
2026-01-05 16:44:49,906 - RazgonBot - ERROR - Failed to get data for BTCUSD
2026-01-05 16:44:59,940 - RazgonBot - ERROR - Failed to get data for BTCUSD
2026-01-05 16:45:09,973 - RazgonBot - ERROR - Failed to get data for BTCUSD
2026-01-05 16:45:20,002 - RazgonBot - ERROR - Failed to get data for BTCUSD
2026-01-05 16:45:30,036 - RazgonBot - ERROR - Failed to get data for BTCUSD
2026-01-05 16:45:40,073 - RazgonBot - ERROR - Failed to get data for BTCUSD
2026-01-05 16:45:50,100 - RazgonBot - ERROR - Failed to get data for BTCUSD
2026-01-05 16:46:00,124 - RazgonBot - ERROR - Failed to get data for BTCUSD
2026-01-05 16:46:10,154 - RazgonBot - ERROR - Failed to get data for BTCUSD
2026-01-05 16:46:20,183 - RazgonBot - ERROR - Failed to get data for BTCUSD
2026-01-05 16:46:30,215 - RazgonBot - ERROR - Failed to get data for BTCUSD
2026-01-05 16:46:40,245 - RazgonBot - ERROR - Failed to get data for BTCUSD
2026-01-05 16:46:50,276 - RazgonBot - ERROR - Failed to get data for BTCUSD
2026-01-05 16:47:00,300 - RazgonBot - ERROR - Failed to get data for BTCUSD
2026-01-05 16:47:10,328 - RazgonBot - ERROR - Failed to get data for BTCUSD
2026-01-05 16:47:20,351 - RazgonBot - ERROR - Failed to get data for BTCUSD
2026-01-05 16:47:30,376 - RazgonBot - ERROR - Failed to get data for BTCUSD
2026-01-05 16:47:40,404 - RazgonBot - ERROR - Failed to get data for BTCUSD
2026-01-05 16:47:50,431 - RazgonBot - ERROR - Failed to get data for BTCUSD
2026-01-05 16:48:00,458 - RazgonBot - ERROR - Failed to get data for BTCUSD
2026-01-05 16:48:10,475 - RazgonBot - ERROR - Failed to get data for BTCUSD
2026-01-05 16:48:20,492 - RazgonBot - ERROR - Failed to get data for BTCUSD
2026-01-05 16:48:30,509 - RazgonBot - ERROR - Failed to get data for BTCUSD
2026-01-05 16:48:40,540 - RazgonBot - ERROR - Failed to get data for BTCUSD
2026-01-05 16:48:50,571 - RazgonBot - ERROR - Failed to get data for BTCUSD
2026-01-05 16:49:00,592 - RazgonBot - ERROR - Failed to get data for BTCUSD
2026-01-05 16:49:10,618 - RazgonBot - ERROR - Failed to get data for BTCUSD
2026-01-05 16:49:20,649 - RazgonBot - ERROR - Failed to get data for BTCUSD
2026-01-05 16:49:30,681 - RazgonBot - ERROR - Failed to get data for BTCUSD
2026-01-05 16:49:40,714 - RazgonBot - ERROR - Failed to get data for BTCUSD
2026-01-05 16:49:49,021 - RazgonBot - INFO - MT5 connection closed
2026-01-05 16:49:51,209 - RazgonBot - INFO - Trading Loop Started
2026-01-05 16:49:51,211 - RazgonBot - INFO - Connected to MT5: TerminalInfo(community_account=False, community_connection=False, connected=True, dlls_allowed=False, trade_allowed=False, tradeapi_disabled=False, email_enabled=False, ftp_enabled=False, notifications_enabled=False, mqid=True, build=5488, maxbars=100000, codepage=1251, ping_last=110379, community_balance=0.0, retransmission=0.03248511099079589, company='MetaQuotes Ltd.', name='MetaTrader 5', language='Russian', path='C:\\Program Files\\MetaTrader 5', data_path='C:\\Users\\iqooow\\AppData\\Roaming\\MetaQuotes\\Terminal\\D0E8209F77C8CF37AD8BF550E51FF075', commondata_path='C:\\Users\\iqooow\\AppData\\Roaming\\MetaQuotes\\Terminal\\Common')
2026-01-05 16:49:51,212 - RazgonBot - INFO - Daily start balance set to: 100000.0
2026-01-05 16:49:51,528 - RazgonBot - INFO - Telegram Bot Polling Started...
2026-01-05 16:49:57,808 - RazgonBot - INFO - User enabled trading via Telegram
2026-01-05 16:51:25,671 - RazgonBot - INFO - User disabled trading via Telegram
2026-01-05 16:51:32,325 - RazgonBot - INFO - User enabled trading via Telegram
2026-01-05 16:57:07,761 - RazgonBot - INFO - MT5 connection closed
2026-01-05 16:57:09,454 - RazgonBot - INFO - Trading Loop Started
2026-01-05 16:57:09,457 - RazgonBot - INFO - Connected to MT5: TerminalInfo(community_account=False, community_connection=False, connected=True, dlls_allowed=False, trade_allowed=False, tradeapi_disabled=False, email_enabled=False, ftp_enabled=False, notifications_enabled=False, mqid=True, build=5488, maxbars=100000, codepage=1251, ping_last=110379, community_balance=0.0, retransmission=1.6003765591903978, company='MetaQuotes Ltd.', name='MetaTrader 5', language='Russian', path='C:\\Program Files\\MetaTrader 5', data_path='C:\\Users\\iqooow\\AppData\\Roaming\\MetaQuotes\\Terminal\\D0E8209F77C8CF37AD8BF550E51FF075', commondata_path='C:\\Users\\iqooow\\AppData\\Roaming\\MetaQuotes\\Terminal\\Common')
2026-01-05 16:57:09,457 - RazgonBot - INFO - Daily start balance set to: 100000.0
2026-01-05 16:57:09,776 - RazgonBot - INFO - Telegram Bot Polling Started...
2026-01-05 16:57:28,033 - RazgonBot - ERROR - Failed to send Telegram msg: name 'text' is not defined
2026-01-05 16:57:34,281 - RazgonBot - INFO - User enabled trading via Telegram
2026-01-05 16:58:04,585 - RazgonBot - INFO - Scanning markets for signals...
2026-01-05 16:59:04,754 - RazgonBot - INFO - Scanning markets for signals...
2026-01-05 17:00:04,941 - RazgonBot - INFO - Scanning markets for signals...
2026-01-05 17:01:05,095 - RazgonBot - INFO - Scanning markets for signals...
2026-01-05 17:01:49,340 - RazgonBot - ERROR - Order failed: AutoTrading disabled by client, retcode=10027
2026-01-05 17:02:05,286 - RazgonBot - INFO - Scanning markets for signals...
2026-01-05 17:03:05,435 - RazgonBot - INFO - Scanning markets for signals...
2026-01-05 17:03:09,833 - RazgonBot - INFO - Order placed: BUY 0.01 XAUUSD @ 4418.71
2026-01-05 17:04:02,058 - RazgonBot - INFO - Order placed: BUY 0.01 XAUUSD @ 4420.29
2026-01-05 17:04:05,630 - RazgonBot - INFO - Scanning markets for signals...
2026-01-05 17:05:05,839 - RazgonBot - INFO - Scanning markets for signals...
2026-01-05 17:06:06,037 - RazgonBot - INFO - Scanning markets for signals...
2026-01-05 17:07:06,276 - RazgonBot - INFO - Scanning markets for signals...
2026-01-05 17:07:33,648 - RazgonBot - INFO - MT5 connection closed
2026-01-05 17:07:35,094 - RazgonBot - INFO - Trading Loop Started
2026-01-05 17:07:35,098 - RazgonBot - INFO - Connected to MT5: TerminalInfo(community_account=False, community_connection=False, connected=True, dlls_allowed=False, trade_allowed=True, tradeapi_disabled=False, email_enabled=False, ftp_enabled=False, notifications_enabled=False, mqid=True, build=5488, maxbars=100000, codepage=1251, ping_last=110379, community_balance=0.0, retransmission=0.4428172942817294, company='MetaQuotes Ltd.', name='MetaTrader 5', language='Russian', path='C:\\Program Files\\MetaTrader 5', data_path='C:\\Users\\iqooow\\AppData\\Roaming\\MetaQuotes\\Terminal\\D0E8209F77C8CF37AD8BF550E51FF075', commondata_path='C:\\Users\\iqooow\\AppData\\Roaming\\MetaQuotes\\Terminal\\Common')
2026-01-05 17:07:35,098 - RazgonBot - INFO - Daily start balance set to: 100001.97
2026-01-05 17:07:35,416 - RazgonBot - INFO - Telegram Bot Polling Started...
2026-01-05 17:07:57,662 - RazgonBot - INFO - User enabled trading via Telegram
2026-01-05 17:08:25,205 - RazgonBot - INFO - User disabled trading via Telegram
2026-01-05 17:12:15,717 - RazgonBot - INFO - User enabled trading via Telegram
2026-01-05 17:13:05,817 - RazgonBot - INFO - Scanning markets for signals...
2026-01-05 17:14:06,004 - RazgonBot - INFO - Scanning markets for signals...
2026-01-05 17:15:06,214 - RazgonBot - INFO - Scanning markets for signals...
2026-01-05 17:16:06,424 - RazgonBot - INFO - Scanning markets for signals...
2026-01-05 17:17:06,598 - RazgonBot - INFO - Scanning markets for signals...
2026-01-05 17:18:06,738 - RazgonBot - INFO - Scanning markets for signals...
2026-01-05 17:19:06,886 - RazgonBot - INFO - Scanning markets for signals...
2026-01-05 17:20:07,052 - RazgonBot - INFO - Scanning markets for signals...
2026-01-05 17:21:00,286 - RazgonBot - INFO - Connected to MT5: TerminalInfo(community_account=False, community_connection=False, connected=True, dlls_allowed=False, trade_allowed=True, tradeapi_disabled=False, email_enabled=False, ftp_enabled=False, notifications_enabled=False, mqid=True, build=5488, maxbars=100000, codepage=1251, ping_last=110379, community_balance=0.0, retransmission=0.16075408278835265, company='MetaQuotes Ltd.', name='MetaTrader 5', language='Russian', path='C:\\Program Files\\MetaTrader 5', data_path='C:\\Users\\iqooow\\AppData\\Roaming\\MetaQuotes\\Terminal\\D0E8209F77C8CF37AD8BF550E51FF075', commondata_path='C:\\Users\\iqooow\\AppData\\Roaming\\MetaQuotes\\Terminal\\Common')
2026-01-05 17:21:00,295 - RazgonBot - INFO - MT5 connection closed
2026-01-05 17:21:07,219 - RazgonBot - INFO - Scanning markets for signals...
2026-01-05 17:22:07,406 - RazgonBot - INFO - Scanning markets for signals...
2026-01-05 17:23:07,597 - RazgonBot - INFO - Scanning markets for signals...
2026-01-05 17:24:07,813 - RazgonBot - INFO - Scanning markets for signals...
2026-01-05 17:25:08,015 - RazgonBot - INFO - Scanning markets for signals...
2026-01-05 17:26:08,195 - RazgonBot - INFO - Scanning markets for signals...
2026-01-05 17:27:08,337 - RazgonBot - INFO - Scanning markets for signals...
2026-01-05 17:28:08,514 - RazgonBot - INFO - Scanning markets for signals...
2026-01-05 17:29:08,688 - RazgonBot - INFO - Scanning markets for signals...
2026-01-05 17:30:08,851 - RazgonBot - INFO - Scanning markets for signals...
2026-01-05 17:31:09,018 - RazgonBot - INFO - Scanning markets for signals...
2026-01-05 17:32:09,183 - RazgonBot - INFO - Scanning markets for signals...
2026-01-05 17:33:09,310 - RazgonBot - INFO - Scanning markets for signals...
2026-01-05 17:34:09,436 - RazgonBot - INFO - Scanning markets for signals...
2026-01-05 17:35:09,597 - RazgonBot - INFO - Scanning markets for signals...
2026-01-05 17:36:09,739 - RazgonBot - INFO - Scanning markets for signals...
2026-01-05 17:37:09,895 - RazgonBot - INFO - Scanning markets for signals...
2026-01-05 17:38:00,025 - RazgonBot - INFO - Scanning markets for signals...
2026-01-05 17:39:00,188 - RazgonBot - INFO - Scanning markets for signals...
2026-01-05 17:40:00,398 - RazgonBot - INFO - Scanning markets for signals...
2026-01-05 17:41:00,597 - RazgonBot - INFO - Scanning markets for signals...
2026-01-05 17:42:00,794 - RazgonBot - INFO - Scanning markets for signals...
2026-01-05 17:43:00,916 - RazgonBot - INFO - Scanning markets for signals...
2026-01-05 17:44:01,065 - RazgonBot - INFO - Scanning markets for signals...
2026-01-05 17:45:01,198 - RazgonBot - INFO - Scanning markets for signals...
2026-01-05 20:57:03,005 - RazgonBot - INFO - Trading Loop Started
2026-01-05 20:57:03,008 - RazgonBot - INFO - Connected to MT5: TerminalInfo(community_account=False, community_connection=False, connected=True, dlls_allowed=False, trade_allowed=False, tradeapi_disabled=False, email_enabled=False, ftp_enabled=False, notifications_enabled=False, mqid=True, build=5488, maxbars=100000, codepage=1251, ping_last=0, community_balance=0.0, retransmission=0.844321073328707, company='MetaQuotes Ltd.', name='MetaTrader 5', language='Russian', path='C:\\Program Files\\MetaTrader 5', data_path='C:\\Users\\iqooow\\AppData\\Roaming\\MetaQuotes\\Terminal\\D0E8209F77C8CF37AD8BF550E51FF075', commondata_path='C:\\Users\\iqooow\\AppData\\Roaming\\MetaQuotes\\Terminal\\Common')
2026-01-05 20:57:03,009 - RazgonBot - INFO - Daily start balance set to: 100001.97
2026-01-05 20:57:03,431 - RazgonBot - INFO - Telegram Bot Polling Started...
2026-01-05 20:57:30,394 - RazgonBot - INFO - User enabled trading via Telegram
2026-01-05 20:58:04,099 - RazgonBot - INFO - Scanning markets for signals...
2026-01-05 20:59:04,244 - RazgonBot - INFO - Scanning markets for signals...
2026-01-05 21:00:04,359 - RazgonBot - INFO - Scanning markets for signals...
2026-01-05 21:01:04,488 - RazgonBot - INFO - Scanning markets for signals...
2026-01-05 21:01:17,728 - RazgonBot - INFO - MT5 connection closed
2026-01-05 21:01:20,152 - RazgonBot - INFO - Trading Loop Started
2026-01-05 21:01:20,154 - RazgonBot - INFO - Connected to MT5: TerminalInfo(community_account=False, community_connection=False, connected=True, dlls_allowed=False, trade_allowed=False, tradeapi_disabled=False, email_enabled=False, ftp_enabled=False, notifications_enabled=False, mqid=True, build=5488, maxbars=100000, codepage=1251, ping_last=130665, community_balance=0.0, retransmission=0.844321073328707, company='MetaQuotes Ltd.', name='MetaTrader 5', language='Russian', path='C:\\Program Files\\MetaTrader 5', data_path='C:\\Users\\iqooow\\AppData\\Roaming\\MetaQuotes\\Terminal\\D0E8209F77C8CF37AD8BF550E51FF075', commondata_path='C:\\Users\\iqooow\\AppData\\Roaming\\MetaQuotes\\Terminal\\Common')
2026-01-05 21:01:20,154 - RazgonBot - INFO - Daily start balance set to: 100001.97
2026-01-05 21:01:20,574 - RazgonBot - INFO - Telegram Bot Polling Started...
2026-01-05 21:04:35,075 - RazgonBot - INFO - User enabled trading via Telegram
2026-01-05 21:04:35,566 - RazgonBot - ERROR - Error in trading loop: 'TelegramBot' object has no attribute 'send_message'
2026-01-05 21:04:45,603 - RazgonBot - ERROR - Error in trading loop: 'TelegramBot' object has no attribute 'send_message'
2026-01-05 21:04:55,648 - RazgonBot - ERROR - Error in trading loop: 'TelegramBot' object has no attribute 'send_message'
2026-01-05 21:05:05,678 - RazgonBot - ERROR - Error in trading loop: 'TelegramBot' object has no attribute 'send_message'
2026-01-05 21:05:15,719 - RazgonBot - ERROR - Error in trading loop: 'TelegramBot' object has no attribute 'send_message'
2026-01-05 21:05:25,736 - RazgonBot - ERROR - Error in trading loop: 'TelegramBot' object has no attribute 'send_message'
2026-01-05 21:05:35,783 - RazgonBot - ERROR - Error in trading loop: 'TelegramBot' object has no attribute 'send_message'
2026-01-05 21:05:45,818 - RazgonBot - ERROR - Error in trading loop: 'TelegramBot' object has no attribute 'send_message'
2026-01-05 21:05:55,859 - RazgonBot - ERROR - Error in trading loop: 'TelegramBot' object has no attribute 'send_message'
2026-01-05 21:06:05,900 - RazgonBot - ERROR - Error in trading loop: 'TelegramBot' object has no attribute 'send_message'
2026-01-05 21:06:15,935 - RazgonBot - ERROR - Error in trading loop: 'TelegramBot' object has no attribute 'send_message'
2026-01-05 21:06:25,952 - RazgonBot - ERROR - Error in trading loop: 'TelegramBot' object has no attribute 'send_message'
2026-01-05 21:06:35,980 - RazgonBot - ERROR - Error in trading loop: 'TelegramBot' object has no attribute 'send_message'
2026-01-05 21:06:46,024 - RazgonBot - ERROR - Error in trading loop: 'TelegramBot' object has no attribute 'send_message'
2026-01-05 21:06:56,050 - RazgonBot - ERROR - Error in trading loop: 'TelegramBot' object has no attribute 'send_message'
2026-01-05 21:07:01,711 - RazgonBot - INFO - MT5 connection closed
2026-01-05 21:07:03,987 - RazgonBot - INFO - Trading Loop Started
2026-01-05 21:07:03,990 - RazgonBot - INFO - Connected to MT5: TerminalInfo(community_account=False, community_connection=False, connected=True, dlls_allowed=False, trade_allowed=False, tradeapi_disabled=False, email_enabled=False, ftp_enabled=False, notifications_enabled=False, mqid=True, build=5488, maxbars=100000, codepage=1251, ping_last=130665, community_balance=0.0, retransmission=0.19209515288669018, company='MetaQuotes Ltd.', name='MetaTrader 5', language='Russian', path='C:\\Program Files\\MetaTrader 5', data_path='C:\\Users\\iqooow\\AppData\\Roaming\\MetaQuotes\\Terminal\\D0E8209F77C8CF37AD8BF550E51FF075', commondata_path='C:\\Users\\iqooow\\AppData\\Roaming\\MetaQuotes\\Terminal\\Common')
2026-01-05 21:07:03,990 - RazgonBot - INFO - Daily start balance set to: 100001.97
2026-01-05 21:07:04,378 - RazgonBot - INFO - Telegram Bot Polling Started...
2026-01-05 21:10:15,376 - RazgonBot - INFO - MT5 connection closed
2026-01-05 21:10:16,807 - RazgonBot - INFO - Trading Loop Started
2026-01-05 21:10:16,809 - RazgonBot - INFO - Connected to MT5: TerminalInfo(community_account=False, community_connection=False, connected=True, dlls_allowed=False, trade_allowed=False, tradeapi_disabled=False, email_enabled=False, ftp_enabled=False, notifications_enabled=False, mqid=True, build=5488, maxbars=100000, codepage=1251, ping_last=130665, community_balance=0.0, retransmission=0.19209515288669018, company='MetaQuotes Ltd.', name='MetaTrader 5', language='Russian', path='C:\\Program Files\\MetaTrader 5', data_path='C:\\Users\\iqooow\\AppData\\Roaming\\MetaQuotes\\Terminal\\D0E8209F77C8CF37AD8BF550E51FF075', commondata_path='C:\\Users\\iqooow\\AppData\\Roaming\\MetaQuotes\\Terminal\\Common')
2026-01-05 21:10:16,810 - RazgonBot - INFO - Daily start balance set to: 100001.97
2026-01-05 21:10:17,185 - RazgonBot - INFO - Telegram Bot Polling Started...
2026-01-05 21:11:27,214 - RazgonBot - INFO - User enabled trading via Telegram
2026-01-05 21:11:27,331 - RazgonBot - INFO - Sent market report for EURUSD
2026-01-05 21:11:27,554 - RazgonBot - INFO - Sent market report for GBPUSD
2026-01-05 21:11:27,733 - RazgonBot - INFO - Sent market report for XAUUSD
2026-01-05 21:12:07,833 - RazgonBot - INFO - Scanning markets for signals...
2026-01-05 21:13:07,977 - RazgonBot - INFO - Scanning markets for signals...
2026-01-05 21:13:52,900 - RazgonBot - INFO - MT5 connection closed
2026-01-05 21:13:54,412 - RazgonBot - INFO - Trading Loop Started
2026-01-05 21:13:54,414 - RazgonBot - INFO - Connected to MT5: TerminalInfo(community_account=False, community_connection=False, connected=True, dlls_allowed=False, trade_allowed=False, tradeapi_disabled=False, email_enabled=False, ftp_enabled=False, notifications_enabled=False, mqid=True, build=5488, maxbars=100000, codepage=1251, ping_last=130665, community_balance=0.0, retransmission=0.057777777777777775, company='MetaQuotes Ltd.', name='MetaTrader 5', language='Russian', path='C:\\Program Files\\MetaTrader 5', data_path='C:\\Users\\iqooow\\AppData\\Roaming\\MetaQuotes\\Terminal\\D0E8209F77C8CF37AD8BF550E51FF075', commondata_path='C:\\Users\\iqooow\\AppData\\Roaming\\MetaQuotes\\Terminal\\Common')
2026-01-05 21:13:54,415 - RazgonBot - INFO - Daily start balance set to: 100001.97
2026-01-05 21:13:54,793 - RazgonBot - INFO - Telegram Bot Polling Started...
2026-01-05 21:15:29,735 - RazgonBot - INFO - MT5 connection closed
2026-01-05 21:15:32,005 - RazgonBot - INFO - Trading Loop Started
2026-01-05 21:15:32,009 - RazgonBot - INFO - Connected to MT5: TerminalInfo(community_account=False, community_connection=False, connected=True, dlls_allowed=False, trade_allowed=False, tradeapi_disabled=False, email_enabled=False, ftp_enabled=False, notifications_enabled=False, mqid=True, build=5488, maxbars=100000, codepage=1251, ping_last=130665, community_balance=0.0, retransmission=0.057777777777777775, company='MetaQuotes Ltd.', name='MetaTrader 5', language='Russian', path='C:\\Program Files\\MetaTrader 5', data_path='C:\\Users\\iqooow\\AppData\\Roaming\\MetaQuotes\\Terminal\\D0E8209F77C8CF37AD8BF550E51FF075', commondata_path='C:\\Users\\iqooow\\AppData\\Roaming\\MetaQuotes\\Terminal\\Common')
2026-01-05 21:15:32,010 - RazgonBot - INFO - Daily start balance set to: 100001.97
2026-01-05 21:15:32,376 - RazgonBot - INFO - Telegram Bot Polling Started...
2026-01-05 21:15:46,015 - RazgonBot - INFO - User enabled trading via UI
2026-01-05 21:15:47,340 - RazgonBot - INFO - Sent market report for EURUSD
2026-01-05 21:15:47,500 - RazgonBot - INFO - Sent market report for GBPUSD
2026-01-05 21:15:47,663 - RazgonBot - INFO - Sent market report for XAUUSD
2026-01-05 21:16:07,715 - RazgonBot - INFO - Scanning markets for signals...
2026-01-05 21:17:07,839 - RazgonBot - INFO - Scanning markets for signals...
2026-01-05 21:17:32,430 - RazgonBot - INFO - MT5 connection closed
2026-01-05 21:17:33,635 - RazgonBot - INFO - Trading Loop Started
2026-01-05 21:17:33,637 - RazgonBot - INFO - Connected to MT5: TerminalInfo(community_account=False, community_connection=False, connected=True, dlls_allowed=False, trade_allowed=False, tradeapi_disabled=False, email_enabled=False, ftp_enabled=False, notifications_enabled=False, mqid=True, build=5488, maxbars=100000, codepage=1251, ping_last=130665, community_balance=0.0, retransmission=0.057777777777777775, company='MetaQuotes Ltd.', name='MetaTrader 5', language='Russian', path='C:\\Program Files\\MetaTrader 5', data_path='C:\\Users\\iqooow\\AppData\\Roaming\\MetaQuotes\\Terminal\\D0E8209F77C8CF37AD8BF550E51FF075', commondata_path='C:\\Users\\iqooow\\AppData\\Roaming\\MetaQuotes\\Terminal\\Common')
2026-01-05 21:17:33,637 - RazgonBot - INFO - Daily start balance set to: 100001.97
2026-01-05 21:17:34,026 - RazgonBot - INFO - Telegram Bot Polling Started...
2026-01-05 21:18:35,017 - RazgonBot - INFO - User enabled trading via UI
2026-01-05 21:18:38,963 - RazgonBot - INFO - Sent market report for EURUSD
2026-01-05 21:18:39,138 - RazgonBot - INFO - Sent market report for GBPUSD
2026-01-05 21:18:39,291 - RazgonBot - INFO - Sent market report for XAUUSD
2026-01-05 21:19:09,371 - RazgonBot - INFO - Scanning markets for signals...
2026-01-05 21:20:09,521 - RazgonBot - INFO - Scanning markets for signals...
2026-01-05 21:21:09,650 - RazgonBot - INFO - Scanning markets for signals...
2026-01-05 21:22:09,822 - RazgonBot - INFO - Scanning markets for signals...
2026-01-05 21:23:09,932 - RazgonBot - INFO - MT5 connection closed
2026-01-05 21:23:11,501 - RazgonBot - INFO - Trading Loop Started
2026-01-05 21:23:11,504 - RazgonBot - INFO - Connected to MT5: TerminalInfo(community_account=False, community_connection=False, connected=True, dlls_allowed=False, trade_allowed=False, tradeapi_disabled=False, email_enabled=False, ftp_enabled=False, notifications_enabled=False, mqid=True, build=5488, maxbars=100000, codepage=1251, ping_last=130665, community_balance=0.0, retransmission=0.14771977244869094, company='MetaQuotes Ltd.', name='MetaTrader 5', language='Russian', path='C:\\Program Files\\MetaTrader 5', data_path='C:\\Users\\iqooow\\AppData\\Roaming\\MetaQuotes\\Terminal\\D0E8209F77C8CF37AD8BF550E51FF075', commondata_path='C:\\Users\\iqooow\\AppData\\Roaming\\MetaQuotes\\Terminal\\Common')
2026-01-05 21:23:11,504 - RazgonBot - INFO - Daily start balance set to: 99970.88
2026-01-05 21:23:11,874 - RazgonBot - INFO - Telegram Bot Polling Started...
2026-01-05 21:23:22,308 - RazgonBot - INFO - User enabled trading via UI
2026-01-05 21:23:26,459 - RazgonBot - INFO - User enabled trading via UI
2026-01-05 21:23:27,051 - RazgonBot - INFO - Sent market report for EURUSD
2026-01-05 21:23:27,425 - RazgonBot - INFO - Sent market report for GBPUSD
2026-01-05 21:23:27,623 - RazgonBot - INFO - Sent market report for XAUUSD
2026-01-05 21:24:07,897 - RazgonBot - INFO - Scanning markets for signals...
2026-01-05 21:25:08,010 - RazgonBot - INFO - Scanning markets for signals...
2026-01-05 21:26:08,145 - RazgonBot - INFO - Scanning markets for signals...
2026-01-05 21:27:08,284 - RazgonBot - INFO - Scanning markets for signals...
2026-01-05 21:27:18,322 - RazgonBot - INFO - SIGNAL FOUND: XAUUSD SELL
2026-01-05 21:27:18,325 - RazgonBot - ERROR - Order failed: AutoTrading disabled by client, retcode=10027
2026-01-05 21:27:28,350 - RazgonBot - INFO - SIGNAL FOUND: XAUUSD SELL
2026-01-05 21:27:28,352 - RazgonBot - ERROR - Order failed: AutoTrading disabled by client, retcode=10027
2026-01-05 21:27:38,380 - RazgonBot - INFO - SIGNAL FOUND: XAUUSD SELL
2026-01-05 21:27:38,381 - RazgonBot - ERROR - Order failed: AutoTrading disabled by client, retcode=10027
2026-01-05 21:28:08,444 - RazgonBot - INFO - Scanning markets for signals...
2026-01-05 21:29:08,576 - RazgonBot - INFO - Scanning markets for signals...
2026-01-05 21:30:08,706 - RazgonBot - INFO - Scanning markets for signals...
2026-01-05 21:31:08,838 - RazgonBot - INFO - Scanning markets for signals...
2026-01-05 21:32:08,929 - RazgonBot - INFO - Scanning markets for signals...
2026-01-05 21:33:09,053 - RazgonBot - INFO - Scanning markets for signals...
2026-01-05 21:34:09,189 - RazgonBot - INFO - Scanning markets for signals...
2026-01-05 21:35:09,361 - RazgonBot - INFO - Scanning markets for signals...
2026-01-05 21:36:09,482 - RazgonBot - INFO - Scanning markets for signals...
2026-01-05 21:37:09,589 - RazgonBot - INFO - Scanning markets for signals...
2026-01-05 21:37:49,664 - RazgonBot - INFO - SIGNAL FOUND: XAUUSD BUY
2026-01-05 21:37:49,849 - RazgonBot - INFO - Order placed: BUY 5.73 XAUUSD @ 4445.71
2026-01-05 21:38:00,335 - RazgonBot - INFO - Scanning markets for signals...
2026-01-05 21:39:00,448 - RazgonBot - INFO - Scanning markets for signals...
2026-01-05 21:40:00,525 - RazgonBot - INFO - Scanning markets for signals...
2026-01-05 21:41:00,639 - RazgonBot - INFO - Scanning markets for signals...
2026-01-05 21:42:00,747 - RazgonBot - INFO - Scanning markets for signals...
2026-01-05 21:43:00,839 - RazgonBot - INFO - Scanning markets for signals...
2026-01-05 21:44:00,953 - RazgonBot - INFO - Scanning markets for signals...
2026-01-05 21:45:01,081 - RazgonBot - INFO - Scanning markets for signals...
2026-01-05 21:46:01,173 - RazgonBot - INFO - Scanning markets for signals...
2026-01-05 21:47:01,277 - RazgonBot - INFO - Scanning markets for signals...
2026-01-05 21:48:01,361 - RazgonBot - INFO - Scanning markets for signals...
2026-01-05 21:49:01,457 - RazgonBot - INFO - Scanning markets for signals...
2026-01-05 21:50:01,536 - RazgonBot - INFO - Scanning markets for signals...
2026-01-05 21:51:01,642 - RazgonBot - INFO - Scanning markets for signals...
2026-01-05 21:52:01,721 - RazgonBot - INFO - Scanning markets for signals...
2026-01-05 21:53:01,812 - RazgonBot - INFO - Scanning markets for signals...
2026-01-05 21:53:32,269 - RazgonBot - INFO - Sent market report for EURUSD
2026-01-05 21:53:32,445 - RazgonBot - INFO - Sent market report for GBPUSD
2026-01-05 21:53:32,643 - RazgonBot - INFO - Sent market report for XAUUSD
2026-01-05 21:54:02,689 - RazgonBot - INFO - Scanning markets for signals...
2026-01-05 21:55:02,816 - RazgonBot - INFO - Scanning markets for signals...
2026-01-05 21:56:02,955 - RazgonBot - INFO - Scanning markets for signals...
2026-01-05 21:57:03,094 - RazgonBot - INFO - Scanning markets for signals...
2026-01-05 21:58:03,215 - RazgonBot - INFO - Scanning markets for signals...
2026-01-05 21:58:19,368 - RazgonBot - INFO - MT5 connection closed
2026-01-05 21:58:21,445 - RazgonBot - INFO - Trading Loop Started
2026-01-05 21:58:21,449 - RazgonBot - INFO - Connected to MT5: TerminalInfo(community_account=False, community_connection=False, connected=True, dlls_allowed=False, trade_allowed=True, tradeapi_disabled=False, email_enabled=False, ftp_enabled=False, notifications_enabled=False, mqid=True, build=5488, maxbars=100000, codepage=1251, ping_last=130665, community_balance=0.0, retransmission=0.14868852078154401, company='MetaQuotes Ltd.', name='MetaTrader 5', language='Russian', path='C:\\Program Files\\MetaTrader 5', data_path='C:\\Users\\iqooow\\AppData\\Roaming\\MetaQuotes\\Terminal\\D0E8209F77C8CF37AD8BF550E51FF075', commondata_path='C:\\Users\\iqooow\\AppData\\Roaming\\MetaQuotes\\Terminal\\Common')
2026-01-05 21:58:21,450 - RazgonBot - INFO - Daily start balance set to: 103857.73
2026-01-05 21:58:21,858 - RazgonBot - INFO - Telegram Bot Polling Started...
2026-01-05 21:58:42,389 - RazgonBot - INFO - User enabled trading via UI
2026-01-05 21:58:46,762 - RazgonBot - INFO - Sent market report for EURUSD
2026-01-05 21:58:47,012 - RazgonBot - INFO - Sent market report for GBPUSD
2026-01-05 21:58:47,320 - RazgonBot - INFO - Sent market report for XAUUSD
2026-01-05 21:59:07,353 - RazgonBot - INFO - Scanning markets for signals...
2026-01-05 22:00:07,484 - RazgonBot - INFO - Scanning markets for signals...
2026-01-05 22:01:07,624 - RazgonBot - INFO - Scanning markets for signals...
2026-01-05 22:02:07,765 - RazgonBot - INFO - Scanning markets for signals...
2026-01-05 22:02:17,811 - RazgonBot - INFO - SIGNAL FOUND: XAUUSD SELL
2026-01-05 22:02:17,951 - RazgonBot - INFO - Order placed: SELL 3.48 XAUUSD @ 4442.77
2026-01-05 22:03:08,405 - RazgonBot - INFO - Scanning markets for signals...
2026-01-05 22:04:08,516 - RazgonBot - INFO - Scanning markets for signals...
2026-01-05 22:05:08,617 - RazgonBot - INFO - Scanning markets for signals...
2026-01-05 22:06:08,719 - RazgonBot - INFO - Scanning markets for signals...
2026-01-05 22:07:08,809 - RazgonBot - INFO - Scanning markets for signals...
2026-01-05 22:07:28,848 - RazgonBot - INFO - SIGNAL FOUND: EURUSD SELL
2026-01-05 22:07:28,849 - RazgonBot - ERROR - Order failed: Unsupported filling mode, retcode=10030
2026-01-05 22:07:38,875 - RazgonBot - INFO - SIGNAL FOUND: EURUSD SELL
2026-01-05 22:07:38,876 - RazgonBot - ERROR - Order failed: Unsupported filling mode, retcode=10030
2026-01-05 22:08:08,913 - RazgonBot - INFO - Scanning markets for signals...
2026-01-05 22:09:09,047 - RazgonBot - INFO - Scanning markets for signals...
2026-01-05 22:09:49,131 - RazgonBot - INFO - SIGNAL FOUND: EURUSD BUY
2026-01-05 22:09:49,132 - RazgonBot - ERROR - Order failed: Unsupported filling mode, retcode=10030
2026-01-05 22:09:59,152 - RazgonBot - INFO - SIGNAL FOUND: EURUSD BUY
2026-01-05 22:09:59,153 - RazgonBot - ERROR - Order failed: Unsupported filling mode, retcode=10030
2026-01-05 22:10:09,166 - RazgonBot - INFO - Scanning markets for signals...
2026-01-05 22:10:09,172 - RazgonBot - INFO - SIGNAL FOUND: EURUSD BUY
2026-01-05 22:10:09,173 - RazgonBot - ERROR - Order failed: Unsupported filling mode, retcode=10030
2026-01-05 22:10:19,189 - RazgonBot - INFO - SIGNAL FOUND: EURUSD BUY
2026-01-05 22:10:19,190 - RazgonBot - ERROR - Order failed: Unsupported filling mode, retcode=10030
2026-01-05 22:10:29,209 - RazgonBot - INFO - SIGNAL FOUND: EURUSD BUY
2026-01-05 22:10:29,210 - RazgonBot - ERROR - Order failed: Unsupported filling mode, retcode=10030
2026-01-05 22:10:39,237 - RazgonBot - INFO - SIGNAL FOUND: EURUSD BUY
2026-01-05 22:10:39,239 - RazgonBot - ERROR - Order failed: Unsupported filling mode, retcode=10030
2026-01-05 22:11:09,284 - RazgonBot - INFO - Scanning markets for signals...
2026-01-05 22:12:09,406 - RazgonBot - INFO - Scanning markets for signals...
2026-01-05 22:12:19,427 - RazgonBot - INFO - SIGNAL FOUND: EURUSD SELL
2026-01-05 22:12:19,428 - RazgonBot - ERROR - Order failed: Unsupported filling mode, retcode=10030
2026-01-05 22:12:29,446 - RazgonBot - INFO - SIGNAL FOUND: EURUSD SELL
2026-01-05 22:12:29,447 - RazgonBot - ERROR - Order failed: Unsupported filling mode, retcode=10030
2026-01-05 22:12:39,471 - RazgonBot - INFO - SIGNAL FOUND: EURUSD SELL
2026-01-05 22:12:39,471 - RazgonBot - ERROR - Order failed: Unsupported filling mode, retcode=10030
2026-01-05 22:13:09,522 - RazgonBot - INFO - Scanning markets for signals...
2026-01-05 22:14:09,621 - RazgonBot - INFO - Scanning markets for signals...
2026-01-05 22:15:09,733 - RazgonBot - INFO - Scanning markets for signals...
2026-01-05 22:16:09,862 - RazgonBot - INFO - Scanning markets for signals...
2026-01-05 22:17:09,981 - RazgonBot - INFO - Scanning markets for signals...
2026-01-05 22:18:00,089 - RazgonBot - INFO - Scanning markets for signals...
2026-01-05 22:19:00,207 - RazgonBot - INFO - Scanning markets for signals...
2026-01-05 22:20:00,325 - RazgonBot - INFO - Scanning markets for signals...
2026-01-05 22:21:00,436 - RazgonBot - INFO - Scanning markets for signals...
2026-01-05 22:21:50,551 - RazgonBot - INFO - SIGNAL FOUND: EURUSD BUY
2026-01-05 22:21:50,552 - RazgonBot - ERROR - Order failed: Unsupported filling mode, retcode=10030
2026-01-05 22:22:00,565 - RazgonBot - INFO - Scanning markets for signals...
2026-01-05 22:22:00,571 - RazgonBot - INFO - SIGNAL FOUND: EURUSD BUY
2026-01-05 22:22:00,572 - RazgonBot - ERROR - Order failed: Unsupported filling mode, retcode=10030
2026-01-05 22:22:10,586 - RazgonBot - INFO - SIGNAL FOUND: EURUSD BUY
2026-01-05 22:22:10,587 - RazgonBot - ERROR - Order failed: Unsupported filling mode, retcode=10030
2026-01-05 22:22:20,612 - RazgonBot - INFO - SIGNAL FOUND: EURUSD BUY
2026-01-05 22:22:20,613 - RazgonBot - ERROR - Order failed: Unsupported filling mode, retcode=10030
2026-01-05 22:22:30,633 - RazgonBot - INFO - SIGNAL FOUND: EURUSD BUY
2026-01-05 22:22:30,633 - RazgonBot - ERROR - Order failed: Unsupported filling mode, retcode=10030
2026-01-05 22:22:40,648 - RazgonBot - INFO - SIGNAL FOUND: EURUSD BUY
2026-01-05 22:22:40,649 - RazgonBot - ERROR - Order failed: Unsupported filling mode, retcode=10030
2026-01-05 22:23:00,677 - RazgonBot - INFO - Scanning markets for signals...
2026-01-05 22:24:00,786 - RazgonBot - INFO - Scanning markets for signals...
2026-01-05 22:25:00,896 - RazgonBot - INFO - Scanning markets for signals...
2026-01-05 22:26:01,007 - RazgonBot - INFO - Scanning markets for signals...
2026-01-05 22:27:01,115 - RazgonBot - INFO - Scanning markets for signals...
2026-01-05 22:28:01,224 - RazgonBot - INFO - Scanning markets for signals...
2026-01-05 22:28:51,804 - RazgonBot - INFO - Sent market report for EURUSD
2026-01-05 22:28:52,028 - RazgonBot - INFO - Sent market report for GBPUSD
2026-01-05 22:28:52,221 - RazgonBot - INFO - Sent market report for XAUUSD
2026-01-05 22:29:02,252 - RazgonBot - INFO - Scanning markets for signals...
2026-01-05 22:30:02,406 - RazgonBot - INFO - Scanning markets for signals...
2026-01-05 22:31:02,528 - RazgonBot - INFO - Scanning markets for signals...
2026-01-05 22:32:02,671 - RazgonBot - INFO - Scanning markets for signals...
2026-01-05 22:33:02,776 - RazgonBot - INFO - Scanning markets for signals...
2026-01-05 22:34:02,933 - RazgonBot - INFO - Scanning markets for signals...
2026-01-05 22:35:03,082 - RazgonBot - INFO - Scanning markets for signals...
2026-01-05 22:36:03,223 - RazgonBot - INFO - Scanning markets for signals...
2026-01-05 22:37:03,342 - RazgonBot - INFO - Scanning markets for signals...
2026-01-05 22:37:18,758 - RazgonBot - INFO - MT5 connection closed
2026-01-05 22:37:21,493 - RazgonBot - INFO - Trading Loop Started
2026-01-05 22:37:21,497 - RazgonBot - INFO - Connected to MT5: TerminalInfo(community_account=False, community_connection=False, connected=True, dlls_allowed=False, trade_allowed=True, tradeapi_disabled=False, email_enabled=False, ftp_enabled=False, notifications_enabled=False, mqid=True, build=5488, maxbars=100000, codepage=1251, ping_last=130665, community_balance=0.0, retransmission=0.22528611336397225, company='MetaQuotes Ltd.', name='MetaTrader 5', language='Russian', path='C:\\Program Files\\MetaTrader 5', data_path='C:\\Users\\iqooow\\AppData\\Roaming\\MetaQuotes\\Terminal\\D0E8209F77C8CF37AD8BF550E51FF075', commondata_path='C:\\Users\\iqooow\\AppData\\Roaming\\MetaQuotes\\Terminal\\Common')
2026-01-05 22:37:21,497 - RazgonBot - INFO - Daily start balance set to: 101780.17
2026-01-05 22:37:21,883 - RazgonBot - INFO - Telegram Bot Polling Started...
2026-01-05 22:37:38,361 - RazgonBot - INFO - User enabled trading via UI
2026-01-05 22:37:41,763 - RazgonBot - INFO - Sent market report for EURUSD
2026-01-05 22:37:41,942 - RazgonBot - INFO - Sent market report for GBPUSD
2026-01-05 22:37:42,129 - RazgonBot - INFO - Sent market report for XAUUSD
2026-01-05 22:38:02,174 - RazgonBot - INFO - Scanning markets for signals...
2026-01-05 22:39:00,233 - RazgonBot - INFO - MT5 connection closed
2026-01-05 22:39:01,558 - RazgonBot - INFO - Trading Loop Started
2026-01-05 22:39:01,561 - RazgonBot - INFO - Connected to MT5: TerminalInfo(community_account=False, community_connection=False, connected=True, dlls_allowed=False, trade_allowed=True, tradeapi_disabled=False, email_enabled=False, ftp_enabled=False, notifications_enabled=False, mqid=True, build=5488, maxbars=100000, codepage=1251, ping_last=130665, community_balance=0.0, retransmission=0.22528611336397225, company='MetaQuotes Ltd.', name='MetaTrader 5', language='Russian', path='C:\\Program Files\\MetaTrader 5', data_path='C:\\Users\\iqooow\\AppData\\Roaming\\MetaQuotes\\Terminal\\D0E8209F77C8CF37AD8BF550E51FF075', commondata_path='C:\\Users\\iqooow\\AppData\\Roaming\\MetaQuotes\\Terminal\\Common')
2026-01-05 22:39:01,561 - RazgonBot - INFO - Daily start balance set to: 101780.17
2026-01-05 22:39:01,927 - RazgonBot - INFO - Telegram Bot Polling Started...
2026-01-05 22:39:06,491 - RazgonBot - INFO - User enabled trading via UI
2026-01-05 22:39:06,982 - RazgonBot - INFO - Sent market report for EURUSD
2026-01-05 22:39:07,150 - RazgonBot - INFO - Sent market report for GBPUSD
2026-01-05 22:39:07,319 - RazgonBot - INFO - Sent market report for XAUUSD
2026-01-05 22:40:07,471 - RazgonBot - INFO - Scanning markets for signals...
2026-01-05 22:41:07,631 - RazgonBot - INFO - Scanning markets for signals...
2026-01-05 22:42:07,788 - RazgonBot - INFO - Scanning markets for signals...
2026-01-05 22:42:57,866 - RazgonBot - INFO - SIGNAL FOUND: EURUSD SELL
2026-01-05 22:42:57,866 - RazgonBot - ERROR - Error in trading loop: module 'MetaTrader5' has no attribute 'SYMBOL_FILLING_IOC'
2026-01-05 22:43:07,885 - RazgonBot - INFO - SIGNAL FOUND: EURUSD SELL
2026-01-05 22:43:07,886 - RazgonBot - ERROR - Error in trading loop: module 'MetaTrader5' has no attribute 'SYMBOL_FILLING_IOC'
2026-01-05 22:43:17,902 - RazgonBot - INFO - SIGNAL FOUND: EURUSD SELL
2026-01-05 22:43:17,903 - RazgonBot - ERROR - Error in trading loop: module 'MetaTrader5' has no attribute 'SYMBOL_FILLING_IOC'
2026-01-05 22:43:27,915 - RazgonBot - INFO - SIGNAL FOUND: EURUSD SELL
2026-01-05 22:43:27,916 - RazgonBot - ERROR - Error in trading loop: module 'MetaTrader5' has no attribute 'SYMBOL_FILLING_IOC'
2026-01-05 22:43:37,934 - RazgonBot - INFO - SIGNAL FOUND: EURUSD SELL
2026-01-05 22:43:37,935 - RazgonBot - ERROR - Error in trading loop: module 'MetaTrader5' has no attribute 'SYMBOL_FILLING_IOC'
2026-01-05 22:43:47,952 - RazgonBot - INFO - SIGNAL FOUND: EURUSD SELL
2026-01-05 22:43:47,952 - RazgonBot - ERROR - Error in trading loop: module 'MetaTrader5' has no attribute 'SYMBOL_FILLING_IOC'
2026-01-05 22:43:57,986 - RazgonBot - INFO - SIGNAL FOUND: XAUUSD SELL
2026-01-05 22:43:57,987 - RazgonBot - ERROR - Error in trading loop: module 'MetaTrader5' has no attribute 'SYMBOL_FILLING_IOC'
2026-01-05 22:44:08,015 - RazgonBot - INFO - SIGNAL FOUND: XAUUSD SELL
2026-01-05 22:44:08,016 - RazgonBot - ERROR - Error in trading loop: module 'MetaTrader5' has no attribute 'SYMBOL_FILLING_IOC'
2026-01-05 22:44:16,688 - RazgonBot - INFO - MT5 connection closed
2026-01-05 22:44:18,757 - RazgonBot - INFO - Trading Loop Started
2026-01-05 22:44:18,760 - RazgonBot - INFO - Connected to MT5: TerminalInfo(community_account=False, community_connection=False, connected=True, dlls_allowed=False, trade_allowed=True, tradeapi_disabled=False, email_enabled=False, ftp_enabled=False, notifications_enabled=False, mqid=True, build=5488, maxbars=100000, codepage=1251, ping_last=130665, community_balance=0.0, retransmission=0.39112355387212316, company='MetaQuotes Ltd.', name='MetaTrader 5', language='Russian', path='C:\\Program Files\\MetaTrader 5', data_path='C:\\Users\\iqooow\\AppData\\Roaming\\MetaQuotes\\Terminal\\D0E8209F77C8CF37AD8BF550E51FF075', commondata_path='C:\\Users\\iqooow\\AppData\\Roaming\\MetaQuotes\\Terminal\\Common')
2026-01-05 22:44:18,760 - RazgonBot - INFO - Daily start balance set to: 101780.17
2026-01-05 22:44:19,137 - RazgonBot - INFO - Telegram Bot Polling Started...
2026-01-05 22:44:25,310 - RazgonBot - INFO - User enabled trading via UI
2026-01-05 22:44:28,987 - RazgonBot - INFO - Sent market report for EURUSD
2026-01-05 22:44:29,191 - RazgonBot - INFO - Sent market report for GBPUSD
2026-01-05 22:44:29,344 - RazgonBot - INFO - Sent market report for XAUUSD
2026-01-05 22:44:29,364 - RazgonBot - INFO - SIGNAL FOUND: XAUUSD SELL
2026-01-05 22:44:29,504 - RazgonBot - INFO - Order placed: SELL 0.01 XAUUSD @ 4443.7
2026-01-05 22:44:29,644 - RazgonBot - INFO - Order placed: SELL 0.01 XAUUSD @ 4443.7
2026-01-05 22:44:29,812 - RazgonBot - INFO - Order placed: SELL 0.01 XAUUSD @ 4443.65
2026-01-05 22:45:00,048 - RazgonBot - INFO - Scanning markets for signals...
2026-01-05 22:46:00,133 - RazgonBot - INFO - Scanning markets for signals...
2026-01-05 22:47:00,218 - RazgonBot - INFO - Scanning markets for signals...
2026-01-05 22:47:50,307 - RazgonBot - INFO - SIGNAL FOUND: GBPUSD SELL
2026-01-05 22:47:50,525 - RazgonBot - INFO - Order placed: SELL 0.01 GBPUSD @ 1.35311
2026-01-05 22:47:50,645 - RazgonBot - INFO - Order placed: SELL 0.01 GBPUSD @ 1.35311
2026-01-05 22:47:50,766 - RazgonBot - INFO - Order placed: SELL 0.01 GBPUSD @ 1.35311
2026-01-05 22:48:01,186 - RazgonBot - INFO - Scanning markets for signals...
2026-01-05 22:49:01,277 - RazgonBot - INFO - Scanning markets for signals...
2026-01-05 22:50:01,392 - RazgonBot - INFO - Scanning markets for signals...
2026-01-05 22:51:01,515 - RazgonBot - INFO - Scanning markets for signals...
2026-01-05 22:52:01,614 - RazgonBot - INFO - Scanning markets for signals...
2026-01-05 22:52:21,662 - RazgonBot - INFO - SIGNAL FOUND: GBPUSD SELL
2026-01-05 22:52:21,793 - RazgonBot - INFO - Order placed: SELL 0.01 GBPUSD @ 1.35316
2026-01-05 22:52:21,951 - RazgonBot - INFO - Order placed: SELL 0.01 GBPUSD @ 1.35316
2026-01-05 22:52:22,188 - RazgonBot - INFO - Order placed: SELL 0.01 GBPUSD @ 1.35315
2026-01-05 22:53:03,869 - RazgonBot - INFO - Scanning markets for signals...
2026-01-05 22:54:03,990 - RazgonBot - INFO - Scanning markets for signals...
2026-01-05 22:55:04,100 - RazgonBot - INFO - Scanning markets for signals...
2026-01-05 22:56:04,228 - RazgonBot - INFO - Scanning markets for signals...
2026-01-05 22:56:04,245 - RazgonBot - INFO - SIGNAL FOUND: XAUUSD BUY
2026-01-05 22:56:04,490 - RazgonBot - INFO - Order placed: BUY 0.01 XAUUSD @ 4445.54
2026-01-05 22:56:04,635 - RazgonBot - INFO - Order placed: BUY 0.01 XAUUSD @ 4445.54
2026-01-05 22:56:04,762 - RazgonBot - INFO - Order placed: BUY 0.01 XAUUSD @ 4445.54
2026-01-05 22:57:05,375 - RazgonBot - INFO - Scanning markets for signals...
2026-01-05 22:58:05,453 - RazgonBot - INFO - Scanning markets for signals...
2026-01-05 22:59:05,538 - RazgonBot - INFO - Scanning markets for signals...
2026-01-05 23:00:05,598 - RazgonBot - INFO - Scanning markets for signals...
2026-01-05 23:01:05,677 - RazgonBot - INFO - Scanning markets for signals...
2026-01-05 23:02:05,793 - RazgonBot - INFO - Scanning markets for signals...
2026-01-05 23:03:05,909 - RazgonBot - INFO - Scanning markets for signals...
2026-01-05 23:04:06,002 - RazgonBot - INFO - Scanning markets for signals...
2026-01-05 23:04:26,051 - RazgonBot - INFO - SIGNAL FOUND: EURUSD BUY
2026-01-05 23:04:26,462 - RazgonBot - INFO - Order placed: BUY 0.01 EURUSD @ 1.1716
2026-01-05 23:04:26,978 - RazgonBot - INFO - Order placed: BUY 0.01 EURUSD @ 1.1716
2026-01-05 23:04:27,486 - RazgonBot - INFO - Order placed: BUY 0.01 EURUSD @ 1.1716
2026-01-06 00:08:00,752 - RazgonBot - INFO - User enabled trading via UI
2026-01-06 00:10:39,503 - RazgonBot - INFO - User enabled trading via UI
2026-01-06 00:10:40,928 - RazgonBot - INFO - User disabled trading via UI
2026-01-06 07:51:48,361 - RazgonBot - INFO - MT5 connection closed
2026-01-07 13:48:02,139 - RazgonBot - INFO - Trading Loop Started
2026-01-07 13:48:04,724 - RazgonBot - INFO - Connected to MT5: TerminalInfo(community_account=False, community_connection=False, connected=True, dlls_allowed=False, trade_allowed=True, tradeapi_disabled=False, email_enabled=False, ftp_enabled=False, notifications_enabled=False, mqid=True, build=5488, maxbars=100000, codepage=1251, ping_last=0, community_balance=0.0, retransmission=0.0, company='MetaQuotes Ltd.', name='MetaTrader 5', language='Russian', path='C:\\Program Files\\MetaTrader 5', data_path='C:\\Users\\iqooow\\AppData\\Roaming\\MetaQuotes\\Terminal\\D0E8209F77C8CF37AD8BF550E51FF075', commondata_path='C:\\Users\\iqooow\\AppData\\Roaming\\MetaQuotes\\Terminal\\Common')
2026-01-07 13:48:04,725 - RazgonBot - INFO - Daily start balance set to: 101779.19
2026-01-07 13:48:05,144 - RazgonBot - INFO - Telegram Bot Polling Started...
2026-01-07 13:51:00,183 - RazgonBot - INFO - Trading Loop Started
2026-01-07 13:51:00,186 - RazgonBot - INFO - Connected to MT5: TerminalInfo(community_account=False, community_connection=False, connected=True, dlls_allowed=False, trade_allowed=True, tradeapi_disabled=False, email_enabled=False, ftp_enabled=False, notifications_enabled=False, mqid=True, build=5488, maxbars=100000, codepage=1251, ping_last=115831, community_balance=0.0, retransmission=0.047522870381371034, company='MetaQuotes Ltd.', name='MetaTrader 5', language='Russian', path='C:\\Program Files\\MetaTrader 5', data_path='C:\\Users\\iqooow\\AppData\\Roaming\\MetaQuotes\\Terminal\\D0E8209F77C8CF37AD8BF550E51FF075', commondata_path='C:\\Users\\iqooow\\AppData\\Roaming\\MetaQuotes\\Terminal\\Common')
2026-01-07 13:51:00,187 - RazgonBot - INFO - Daily start balance set to: 101779.19
2026-01-07 13:51:00,509 - RazgonBot - INFO - Telegram Bot Polling Started...
2026-01-07 13:55:27,317 - RazgonBot - INFO - Trading Loop Started
2026-01-07 13:55:27,320 - RazgonBot - INFO - Connected to MT5: TerminalInfo(community_account=False, community_connection=False, connected=True, dlls_allowed=False, trade_allowed=True, tradeapi_disabled=False, email_enabled=False, ftp_enabled=False, notifications_enabled=False, mqid=True, build=5488, maxbars=100000, codepage=1251, ping_last=115831, community_balance=0.0, retransmission=0.047522870381371034, company='MetaQuotes Ltd.', name='MetaTrader 5', language='Russian', path='C:\\Program Files\\MetaTrader 5', data_path='C:\\Users\\iqooow\\AppData\\Roaming\\MetaQuotes\\Terminal\\D0E8209F77C8CF37AD8BF550E51FF075', commondata_path='C:\\Users\\iqooow\\AppData\\Roaming\\MetaQuotes\\Terminal\\Common')
2026-01-07 13:55:27,321 - RazgonBot - INFO - Daily start balance set to: 101779.19
2026-01-07 13:55:27,642 - RazgonBot - INFO - Telegram Bot Polling Started...
2026-01-07 13:59:52,282 - RazgonBot - INFO - Trading Loop Started
2026-01-07 13:59:52,286 - RazgonBot - INFO - Connected to MT5: TerminalInfo(community_account=False, community_connection=False, connected=True, dlls_allowed=False, trade_allowed=True, tradeapi_disabled=False, email_enabled=False, ftp_enabled=False, notifications_enabled=False, mqid=True, build=5488, maxbars=100000, codepage=1251, ping_last=115831, community_balance=0.0, retransmission=0.07242528125150886, company='MetaQuotes Ltd.', name='MetaTrader 5', language='Russian', path='C:\\Program Files\\MetaTrader 5', data_path='C:\\Users\\iqooow\\AppData\\Roaming\\MetaQuotes\\Terminal\\D0E8209F77C8CF37AD8BF550E51FF075', commondata_path='C:\\Users\\iqooow\\AppData\\Roaming\\MetaQuotes\\Terminal\\Common')
2026-01-07 13:59:52,287 - RazgonBot - INFO - Daily start balance set to: 101779.19
2026-01-07 13:59:52,612 - RazgonBot - INFO - Telegram Bot Polling Started...
2026-01-07 14:01:24,563 - RazgonBot - INFO - Trading Loop Started
2026-01-07 14:01:24,566 - RazgonBot - INFO - Connected to MT5: TerminalInfo(community_account=False, community_connection=False, connected=True, dlls_allowed=False, trade_allowed=True, tradeapi_disabled=False, email_enabled=False, ftp_enabled=False, notifications_enabled=False, mqid=True, build=5488, maxbars=100000, codepage=1251, ping_last=115831, community_balance=0.0, retransmission=0.07242528125150886, company='MetaQuotes Ltd.', name='MetaTrader 5', language='Russian', path='C:\\Program Files\\MetaTrader 5', data_path='C:\\Users\\iqooow\\AppData\\Roaming\\MetaQuotes\\Terminal\\D0E8209F77C8CF37AD8BF550E51FF075', commondata_path='C:\\Users\\iqooow\\AppData\\Roaming\\MetaQuotes\\Terminal\\Common')
2026-01-07 14:01:24,566 - RazgonBot - INFO - Daily start balance set to: 101779.19
2026-01-07 14:01:24,884 - RazgonBot - INFO - Telegram Bot Polling Started...
2026-01-07 14:03:26,895 - RazgonBot - INFO - MT5 connection closed
2026-01-07 14:03:29,412 - RazgonBot - INFO - Trading Loop Started
2026-01-07 14:03:29,415 - RazgonBot - INFO - Connected to MT5: TerminalInfo(community_account=False, community_connection=False, connected=True, dlls_allowed=False, trade_allowed=True, tradeapi_disabled=False, email_enabled=False, ftp_enabled=False, notifications_enabled=False, mqid=True, build=5488, maxbars=100000, codepage=1251, ping_last=115831, community_balance=0.0, retransmission=0.07242528125150886, company='MetaQuotes Ltd.', name='MetaTrader 5', language='Russian', path='C:\\Program Files\\MetaTrader 5', data_path='C:\\Users\\iqooow\\AppData\\Roaming\\MetaQuotes\\Terminal\\D0E8209F77C8CF37AD8BF550E51FF075', commondata_path='C:\\Users\\iqooow\\AppData\\Roaming\\MetaQuotes\\Terminal\\Common')
2026-01-07 14:03:29,415 - RazgonBot - INFO - Daily start balance set to: 101779.19
2026-01-07 14:03:29,738 - RazgonBot - INFO - Telegram Bot Polling Started...
2026-01-07 14:04:47,552 - RazgonBot - INFO - MT5 connection closed
2026-01-07 14:08:37,140 - RazgonBot - INFO - Trading Loop Started
2026-01-07 14:08:37,143 - RazgonBot - INFO - Connected to MT5: TerminalInfo(community_account=False, community_connection=False, connected=True, dlls_allowed=False, trade_allowed=True, tradeapi_disabled=False, email_enabled=False, ftp_enabled=False, notifications_enabled=False, mqid=True, build=5488, maxbars=100000, codepage=1251, ping_last=115831, community_balance=0.0, retransmission=0.7449703350136058, company='MetaQuotes Ltd.', name='MetaTrader 5', language='Russian', path='C:\\Program Files\\MetaTrader 5', data_path='C:\\Users\\iqooow\\AppData\\Roaming\\MetaQuotes\\Terminal\\D0E8209F77C8CF37AD8BF550E51FF075', commondata_path='C:\\Users\\iqooow\\AppData\\Roaming\\MetaQuotes\\Terminal\\Common')
2026-01-07 14:08:37,143 - RazgonBot - INFO - Daily start balance set to: 101779.19
2026-01-07 14:08:37,463 - RazgonBot - INFO - Telegram Bot Polling Started...
2026-01-07 14:08:49,264 - RazgonBot - INFO - User enabled trading via UI
2026-01-07 14:08:52,346 - RazgonBot - INFO - Sent market report for EURUSD
2026-01-07 14:08:52,512 - RazgonBot - INFO - Sent market report for GBPUSD
2026-01-07 14:08:52,710 - RazgonBot - INFO - Sent market report for XAUUSD
2026-01-07 14:09:02,878 - RazgonBot - INFO - Scanning markets for signals...
2026-01-07 14:09:02,902 - RazgonBot - INFO - SIGNAL FOUND: GBPUSD SELL
2026-01-07 14:09:03,023 - RazgonBot - INFO - Order placed: SELL 0.01 GBPUSD @ 1.34914
2026-01-07 14:09:03,139 - RazgonBot - INFO - Order placed: SELL 0.01 GBPUSD @ 1.34914
2026-01-07 14:09:03,256 - RazgonBot - INFO - Order placed: SELL 0.01 GBPUSD @ 1.34914
2026-01-07 14:10:03,817 - RazgonBot - INFO - Scanning markets for signals...
2026-01-07 14:11:03,966 - RazgonBot - INFO - Scanning markets for signals...
2026-01-07 14:12:04,097 - RazgonBot - INFO - Scanning markets for signals...
2026-01-07 14:13:04,235 - RazgonBot - INFO - Scanning markets for signals...
2026-01-07 14:13:04,245 - RazgonBot - INFO - SIGNAL FOUND: EURUSD SELL
2026-01-07 14:13:04,366 - RazgonBot - INFO - Order placed: SELL 0.01 EURUSD @ 1.16835
2026-01-07 14:13:04,489 - RazgonBot - INFO - Order placed: SELL 0.01 EURUSD @ 1.16835
2026-01-07 14:13:04,608 - RazgonBot - INFO - Order placed: SELL 0.01 EURUSD @ 1.16835
2026-01-07 14:14:05,124 - RazgonBot - INFO - Scanning markets for signals...
2026-01-07 14:15:05,245 - RazgonBot - INFO - Scanning markets for signals...
2026-01-07 14:16:05,360 - RazgonBot - INFO - Scanning markets for signals...
2026-01-07 14:17:05,475 - RazgonBot - INFO - Scanning markets for signals...
2026-01-07 14:18:05,568 - RazgonBot - INFO - Scanning markets for signals...
2026-01-07 14:19:05,696 - RazgonBot - INFO - Scanning markets for signals...
2026-01-07 14:20:05,801 - RazgonBot - INFO - Scanning markets for signals...
2026-01-07 14:21:05,926 - RazgonBot - INFO - Scanning markets for signals...
2026-01-07 14:22:00,264 - RazgonBot - INFO - MT5 connection closed
2026-01-07 14:22:01,660 - RazgonBot - INFO - Trading Loop Started
2026-01-07 14:22:01,663 - RazgonBot - INFO - Connected to MT5: TerminalInfo(community_account=False, community_connection=False, connected=True, dlls_allowed=False, trade_allowed=True, tradeapi_disabled=False, email_enabled=False, ftp_enabled=False, notifications_enabled=False, mqid=True, build=5488, maxbars=100000, codepage=1251, ping_last=115831, community_balance=0.0, retransmission=0.043744531933508315, company='MetaQuotes Ltd.', name='MetaTrader 5', language='Russian', path='C:\\Program Files\\MetaTrader 5', data_path='C:\\Users\\iqooow\\AppData\\Roaming\\MetaQuotes\\Terminal\\D0E8209F77C8CF37AD8BF550E51FF075', commondata_path='C:\\Users\\iqooow\\AppData\\Roaming\\MetaQuotes\\Terminal\\Common')
2026-01-07 14:22:01,663 - RazgonBot - INFO - Daily start balance set to: 101779.19
2026-01-07 14:22:01,987 - RazgonBot - INFO - Telegram Bot Polling Started...
2026-01-07 14:22:18,698 - RazgonBot - INFO - User enabled trading via UI
2026-01-07 14:22:21,873 - RazgonBot - INFO - Sent market report for EURUSD
2026-01-07 14:22:22,759 - RazgonBot - INFO - Sent market report for GBPUSD
2026-01-07 14:22:22,934 - RazgonBot - INFO - Sent market report for XAUUSD
2026-01-07 14:23:03,002 - RazgonBot - INFO - Scanning markets for signals...
2026-01-07 14:24:03,124 - RazgonBot - INFO - Scanning markets for signals...
2026-01-07 14:25:03,257 - RazgonBot - INFO - Scanning markets for signals...
2026-01-07 14:26:03,362 - RazgonBot - INFO - Scanning markets for signals...
2026-01-07 14:27:03,494 - RazgonBot - INFO - Scanning markets for signals...
2026-01-07 14:28:02,175 - RazgonBot - INFO - User enabled trading via UI
2026-01-07 14:28:03,720 - RazgonBot - INFO - Scanning markets for signals...
2026-01-07 14:29:03,889 - RazgonBot - INFO - Scanning markets for signals...
2026-01-07 14:30:04,072 - RazgonBot - INFO - Scanning markets for signals...
2026-01-07 14:31:04,257 - RazgonBot - INFO - Scanning markets for signals...
2026-01-07 14:32:04,431 - RazgonBot - INFO - Scanning markets for signals...
2026-01-07 14:32:04,445 - RazgonBot - INFO - SIGNAL SELL for GBPUSD confirmed. H1 Trend matches.
2026-01-07 14:32:04,445 - RazgonBot - INFO - SIGNAL FOUND: GBPUSD SELL
2026-01-07 14:32:04,566 - RazgonBot - INFO - Order placed: SELL 0.01 GBPUSD @ 1.3489499999999999
2026-01-07 14:32:04,688 - RazgonBot - INFO - Order placed: SELL 0.01 GBPUSD @ 1.3489499999999999
2026-01-07 14:32:04,810 - RazgonBot - INFO - Order placed: SELL 0.01 GBPUSD @ 1.3489499999999999
2026-01-07 14:33:05,510 - RazgonBot - INFO - Scanning markets for signals...
2026-01-07 14:34:05,663 - RazgonBot - INFO - Scanning markets for signals...
2026-01-07 14:35:05,834 - RazgonBot - INFO - Scanning markets for signals...
2026-01-07 14:36:05,996 - RazgonBot - INFO - Scanning markets for signals...
2026-01-07 14:37:06,163 - RazgonBot - INFO - Scanning markets for signals...
2026-01-07 14:38:06,317 - RazgonBot - INFO - Scanning markets for signals...
2026-01-07 14:38:36,392 - RazgonBot - INFO - SIGNAL SELL for EURUSD confirmed. H1 Trend matches.
2026-01-07 14:38:36,392 - RazgonBot - INFO - SIGNAL FOUND: EURUSD SELL
2026-01-07 14:38:36,513 - RazgonBot - INFO - Order placed: SELL 0.01 EURUSD @ 1.16824
2026-01-07 14:38:36,634 - RazgonBot - INFO - Order placed: SELL 0.01 EURUSD @ 1.16824
2026-01-07 14:38:36,755 - RazgonBot - INFO - Order placed: SELL 0.01 EURUSD @ 1.16824
2026-01-07 14:39:07,277 - RazgonBot - INFO - Scanning markets for signals...
2026-01-07 14:40:07,389 - RazgonBot - INFO - Scanning markets for signals...
2026-01-07 14:41:07,496 - RazgonBot - INFO - Scanning markets for signals...
2026-01-07 14:42:07,651 - RazgonBot - INFO - Scanning markets for signals...
2026-01-07 14:43:07,793 - RazgonBot - INFO - Scanning markets for signals...
2026-01-07 14:44:07,926 - RazgonBot - INFO - Scanning markets for signals...
2026-01-07 14:45:08,069 - RazgonBot - INFO - Scanning markets for signals...
2026-01-07 14:46:08,193 - RazgonBot - INFO - Scanning markets for signals...
2026-01-07 14:47:08,307 - RazgonBot - INFO - Scanning markets for signals...
2026-01-07 14:48:08,441 - RazgonBot - INFO - Scanning markets for signals...
2026-01-07 14:49:08,585 - RazgonBot - INFO - Scanning markets for signals...
2026-01-07 14:50:08,751 - RazgonBot - INFO - Scanning markets for signals...
2026-01-07 14:51:08,910 - RazgonBot - INFO - Scanning markets for signals...
2026-01-07 14:52:09,060 - RazgonBot - INFO - Scanning markets for signals...
2026-01-07 14:52:29,856 - RazgonBot - INFO - Sent market report for EURUSD
2026-01-07 14:52:30,042 - RazgonBot - INFO - Sent market report for GBPUSD
2026-01-07 14:52:30,249 - RazgonBot - INFO - Sent market report for XAUUSD
2026-01-07 14:53:00,333 - RazgonBot - INFO - Scanning markets for signals...
2026-01-07 14:54:00,512 - RazgonBot - INFO - Scanning markets for signals...
2026-01-07 14:55:00,683 - RazgonBot - INFO - Scanning markets for signals...
2026-01-07 14:56:00,878 - RazgonBot - INFO - Scanning markets for signals...
2026-01-07 14:56:41,023 - RazgonBot - INFO - SIGNAL SELL for EURUSD confirmed. H1 Trend matches.
2026-01-07 14:56:41,023 - RazgonBot - INFO - SIGNAL FOUND: EURUSD SELL
2026-01-07 14:56:41,142 - RazgonBot - INFO - Order placed: SELL 0.01 EURUSD @ 1.16831
2026-01-07 14:56:41,263 - RazgonBot - INFO - Order placed: SELL 0.01 EURUSD @ 1.16831
2026-01-07 14:56:41,749 - RazgonBot - INFO - Order placed: SELL 0.01 EURUSD @ 1.16831
2026-01-07 14:57:02,259 - RazgonBot - INFO - Scanning markets for signals...
2026-01-07 14:57:40,465 - RazgonBot - INFO - MT5 connection closed
2026-01-07 14:57:42,530 - RazgonBot - INFO - Trading Loop Started
2026-01-07 14:57:42,534 - RazgonBot - INFO - Connected to MT5: TerminalInfo(community_account=False, community_connection=False, connected=True, dlls_allowed=False, trade_allowed=True, tradeapi_disabled=False, email_enabled=False, ftp_enabled=False, notifications_enabled=False, mqid=True, build=5488, maxbars=100000, codepage=1251, ping_last=115831, community_balance=0.0, retransmission=0.1076932114115643, company='MetaQuotes Ltd.', name='MetaTrader 5', language='Russian', path='C:\\Program Files\\MetaTrader 5', data_path='C:\\Users\\iqooow\\AppData\\Roaming\\MetaQuotes\\Terminal\\D0E8209F77C8CF37AD8BF550E51FF075', commondata_path='C:\\Users\\iqooow\\AppData\\Roaming\\MetaQuotes\\Terminal\\Common')
2026-01-07 14:57:42,534 - RazgonBot - INFO - Daily start balance set to: 101797.43
2026-01-07 14:57:42,861 - RazgonBot - INFO - Telegram Bot Polling Started...
2026-01-07 14:57:52,298 - RazgonBot - INFO - User enabled trading via UI
2026-01-07 14:57:53,721 - RazgonBot - INFO - Sent market report for EURUSD
2026-01-07 14:57:53,922 - RazgonBot - INFO - Sent market report for GBPUSD
2026-01-07 14:57:54,133 - RazgonBot - INFO - Sent market report for XAUUSD
2026-01-07 14:58:04,156 - RazgonBot - INFO - Scanning markets for signals...
2026-01-07 14:59:04,310 - RazgonBot - INFO - Scanning markets for signals...
2026-01-07 15:00:04,444 - RazgonBot - INFO - Scanning markets for signals...
2026-01-07 15:01:04,550 - RazgonBot - INFO - Scanning markets for signals...
2026-01-07 15:02:04,669 - RazgonBot - INFO - Scanning markets for signals...
2026-01-07 15:03:04,808 - RazgonBot - INFO - Scanning markets for signals...
2026-01-07 15:04:04,949 - RazgonBot - INFO - Scanning markets for signals...
2026-01-07 15:05:05,087 - RazgonBot - INFO - Scanning markets for signals...
2026-01-07 15:06:05,282 - RazgonBot - INFO - Scanning markets for signals...
2026-01-07 15:07:05,491 - RazgonBot - INFO - Scanning markets for signals...
2026-01-07 15:08:05,703 - RazgonBot - INFO - Scanning markets for signals...
2026-01-07 15:09:05,978 - RazgonBot - INFO - Scanning markets for signals...
2026-01-07 15:10:06,167 - RazgonBot - INFO - Scanning markets for signals...
2026-01-07 15:11:06,377 - RazgonBot - INFO - Scanning markets for signals...
2026-01-07 15:12:06,559 - RazgonBot - INFO - Scanning markets for signals...
2026-01-07 15:13:06,754 - RazgonBot - INFO - Scanning markets for signals...
2026-01-07 15:14:06,917 - RazgonBot - INFO - Scanning markets for signals...
2026-01-07 15:15:07,120 - RazgonBot - INFO - Scanning markets for signals...
2026-01-07 15:16:07,318 - RazgonBot - INFO - Scanning markets for signals...
2026-01-07 15:17:07,500 - RazgonBot - INFO - Scanning markets for signals...
2026-01-07 15:18:07,692 - RazgonBot - INFO - Scanning markets for signals...
2026-01-07 15:19:07,859 - RazgonBot - INFO - Scanning markets for signals...
2026-01-07 15:20:08,034 - RazgonBot - INFO - Scanning markets for signals...
2026-01-07 15:21:08,206 - RazgonBot - INFO - Scanning markets for signals...
2026-01-07 15:22:08,408 - RazgonBot - INFO - Scanning markets for signals...
2026-01-07 15:23:08,607 - RazgonBot - INFO - Scanning markets for signals...
2026-01-07 15:24:08,834 - RazgonBot - INFO - Scanning markets for signals...
2026-01-07 15:25:09,044 - RazgonBot - INFO - Scanning markets for signals...
2026-01-07 15:26:09,228 - RazgonBot - INFO - Scanning markets for signals...
2026-01-07 15:26:09,255 - RazgonBot - INFO - SIGNAL SELL for XAUUSD confirmed. Dist: 1.75908, ATR: 1.13935
2026-01-07 15:26:09,255 - RazgonBot - INFO - SIGNAL FOUND: XAUUSD SELL
2026-01-07 15:26:09,376 - RazgonBot - INFO - Order placed: SELL 0.01 XAUUSD @ 4462.33
2026-01-07 15:26:09,497 - RazgonBot - INFO - Order placed: SELL 0.01 XAUUSD @ 4462.33
2026-01-07 15:26:09,620 - RazgonBot - INFO - Order placed: SELL 0.01 XAUUSD @ 4462.33
2026-01-07 15:27:00,269 - RazgonBot - INFO - Scanning markets for signals...
2026-01-07 15:28:00,442 - RazgonBot - INFO - Scanning markets for signals...
2026-01-07 15:28:00,866 - RazgonBot - INFO - Sent market report for EURUSD
2026-01-07 15:28:01,034 - RazgonBot - INFO - Sent market report for GBPUSD
2026-01-07 15:28:01,207 - RazgonBot - INFO - Sent market report for XAUUSD
2026-01-07 15:29:01,403 - RazgonBot - INFO - Scanning markets for signals...
2026-01-07 15:30:01,588 - RazgonBot - INFO - Scanning markets for signals...
2026-01-07 15:31:01,761 - RazgonBot - INFO - Scanning markets for signals...
2026-01-07 15:32:01,935 - RazgonBot - INFO - Scanning markets for signals...
2026-01-07 15:33:02,137 - RazgonBot - INFO - Scanning markets for signals...
2026-01-07 15:34:02,301 - RazgonBot - INFO - Scanning markets for signals...
2026-01-07 15:35:02,478 - RazgonBot - INFO - Scanning markets for signals...
2026-01-07 15:36:02,684 - RazgonBot - INFO - Scanning markets for signals...
2026-01-07 15:37:02,879 - RazgonBot - INFO - Scanning markets for signals...
2026-01-07 15:38:03,094 - RazgonBot - INFO - Scanning markets for signals...
2026-01-07 15:39:03,288 - RazgonBot - INFO - Scanning markets for signals...
2026-01-07 15:40:03,476 - RazgonBot - INFO - Scanning markets for signals...
2026-01-07 15:41:03,674 - RazgonBot - INFO - Scanning markets for signals...
2026-01-07 15:42:03,858 - RazgonBot - INFO - Scanning markets for signals...
2026-01-07 15:43:04,063 - RazgonBot - INFO - Scanning markets for signals...
2026-01-07 15:44:04,273 - RazgonBot - INFO - Scanning markets for signals...
2026-01-07 15:45:04,466 - RazgonBot - INFO - Scanning markets for signals...
2026-01-07 15:46:04,686 - RazgonBot - INFO - Scanning markets for signals...
2026-01-07 15:47:04,875 - RazgonBot - INFO - Scanning markets for signals...
2026-01-07 15:48:05,071 - RazgonBot - INFO - Scanning markets for signals...
2026-01-07 15:49:05,282 - RazgonBot - INFO - Scanning markets for signals...
2026-01-07 15:50:05,482 - RazgonBot - INFO - Scanning markets for signals...
2026-01-07 15:50:35,582 - RazgonBot - INFO - SIGNAL SELL for EURUSD confirmed. Dist: 0.00010, ATR: 0.00015
2026-01-07 15:50:35,582 - RazgonBot - INFO - SIGNAL FOUND: EURUSD SELL
2026-01-07 15:50:35,704 - RazgonBot - INFO - Order placed: SELL 0.01 EURUSD @ 1.16905
2026-01-07 15:50:35,824 - RazgonBot - INFO - Order placed: SELL 0.01 EURUSD @ 1.16905
2026-01-07 15:50:35,945 - RazgonBot - INFO - Order placed: SELL 0.01 EURUSD @ 1.16905
2026-01-07 15:51:06,841 - RazgonBot - INFO - Scanning markets for signals...
2026-01-07 15:52:07,012 - RazgonBot - INFO - Scanning markets for signals...
2026-01-07 15:53:07,168 - RazgonBot - INFO - Scanning markets for signals...
2026-01-07 15:54:07,344 - RazgonBot - INFO - Scanning markets for signals...
2026-01-07 15:55:07,515 - RazgonBot - INFO - Scanning markets for signals...
2026-01-07 15:55:07,529 - RazgonBot - INFO - SIGNAL SELL for GBPUSD confirmed. Dist: 0.00027, ATR: 0.00018
2026-01-07 15:55:07,529 - RazgonBot - INFO - SIGNAL FOUND: GBPUSD SELL
2026-01-07 15:55:07,649 - RazgonBot - INFO - Order placed: SELL 0.01 GBPUSD @ 1.34976
2026-01-07 15:55:07,771 - RazgonBot - INFO - Order placed: SELL 0.01 GBPUSD @ 1.34976
2026-01-07 15:55:07,894 - RazgonBot - INFO - Order placed: SELL 0.01 GBPUSD @ 1.34976
2026-01-07 15:56:08,456 - RazgonBot - INFO - Scanning markets for signals...
2026-01-07 15:57:08,576 - RazgonBot - INFO - Scanning markets for signals...
2026-01-07 15:57:48,689 - RazgonBot - INFO - SIGNAL SELL for XAUUSD confirmed. Dist: 1.12108, ATR: 1.07920
2026-01-07 15:57:48,690 - RazgonBot - INFO - SIGNAL FOUND: XAUUSD SELL
2026-01-07 15:57:48,812 - RazgonBot - INFO - Order placed: SELL 0.01 XAUUSD @ 4464.17
2026-01-07 15:57:48,934 - RazgonBot - INFO - Order placed: SELL 0.01 XAUUSD @ 4464.17
2026-01-07 15:57:49,053 - RazgonBot - INFO - Order placed: SELL 0.01 XAUUSD @ 4464.14
2026-01-07 15:58:09,479 - RazgonBot - INFO - Scanning markets for signals...
2026-01-07 15:58:11,935 - RazgonBot - INFO - Sent market report for EURUSD
2026-01-07 15:58:12,111 - RazgonBot - INFO - Sent market report for GBPUSD
2026-01-07 15:58:12,287 - RazgonBot - INFO - Sent market report for XAUUSD
2026-01-07 15:59:02,349 - RazgonBot - INFO - Scanning markets for signals...
2026-01-07 16:00:02,420 - RazgonBot - INFO - Scanning markets for signals...
2026-01-07 16:01:02,485 - RazgonBot - INFO - Scanning markets for signals...
2026-01-07 16:02:02,533 - RazgonBot - INFO - Scanning markets for signals...
2026-01-07 16:03:02,607 - RazgonBot - INFO - Scanning markets for signals...
2026-01-07 16:04:02,660 - RazgonBot - INFO - Scanning markets for signals...
2026-01-07 16:05:02,716 - RazgonBot - INFO - Scanning markets for signals...
2026-01-07 16:06:02,791 - RazgonBot - INFO - Scanning markets for signals...
2026-01-07 16:07:02,917 - RazgonBot - INFO - Scanning markets for signals...
2026-01-07 16:08:03,085 - RazgonBot - INFO - Scanning markets for signals...
2026-01-07 16:09:03,249 - RazgonBot - INFO - Scanning markets for signals...
2026-01-07 16:10:03,418 - RazgonBot - INFO - Scanning markets for signals...
2026-01-07 16:11:03,572 - RazgonBot - INFO - Scanning markets for signals...
2026-01-07 16:12:03,713 - RazgonBot - INFO - Scanning markets for signals...
2026-01-07 16:13:03,881 - RazgonBot - INFO - Scanning markets for signals...
2026-01-07 16:14:04,029 - RazgonBot - INFO - Scanning markets for signals...
2026-01-07 16:15:04,197 - RazgonBot - INFO - Scanning markets for signals...
2026-01-07 16:16:04,366 - RazgonBot - INFO - Scanning markets for signals...
2026-01-07 16:17:04,550 - RazgonBot - INFO - Scanning markets for signals...
2026-01-07 16:18:04,696 - RazgonBot - INFO - Scanning markets for signals...
2026-01-07 16:19:04,875 - RazgonBot - INFO - Scanning markets for signals...
2026-01-07 16:20:05,064 - RazgonBot - INFO - Scanning markets for signals...
2026-01-07 16:21:05,256 - RazgonBot - INFO - Scanning markets for signals...
2026-01-07 16:22:05,445 - RazgonBot - INFO - Scanning markets for signals...
2026-01-07 16:23:05,643 - RazgonBot - INFO - Scanning markets for signals...
2026-01-07 16:24:05,822 - RazgonBot - INFO - Scanning markets for signals...
2026-01-07 16:25:06,032 - RazgonBot - INFO - Scanning markets for signals...
2026-01-07 16:26:06,242 - RazgonBot - INFO - Scanning markets for signals...
2026-01-07 16:27:06,419 - RazgonBot - INFO - Scanning markets for signals...
2026-01-07 16:28:06,636 - RazgonBot - INFO - Scanning markets for signals...
2026-01-07 16:28:17,138 - RazgonBot - INFO - Sent market report for EURUSD
2026-01-07 16:28:17,303 - RazgonBot - INFO - Sent market report for GBPUSD
2026-01-07 16:28:17,475 - RazgonBot - INFO - Sent market report for XAUUSD
2026-01-07 16:29:07,634 - RazgonBot - INFO - Scanning markets for signals...
2026-01-07 16:30:07,831 - RazgonBot - INFO - Scanning markets for signals...
2026-01-07 16:31:07,978 - RazgonBot - INFO - Scanning markets for signals...
2026-01-07 16:32:08,134 - RazgonBot - INFO - Scanning markets for signals...
2026-01-07 16:33:08,307 - RazgonBot - INFO - Scanning markets for signals...
2026-01-07 16:34:08,553 - RazgonBot - INFO - Scanning markets for signals...
2026-01-07 16:34:12,777 - RazgonBot - INFO - Connected to MT5: TerminalInfo(community_account=False, community_connection=False, connected=True, dlls_allowed=False, trade_allowed=True, tradeapi_disabled=False, email_enabled=False, ftp_enabled=False, notifications_enabled=False, mqid=True, build=5488, maxbars=100000, codepage=1251, ping_last=115831, community_balance=0.0, retransmission=0.10436659207698362, company='MetaQuotes Ltd.', name='MetaTrader 5', language='Russian', path='C:\\Program Files\\MetaTrader 5', data_path='C:\\Users\\iqooow\\AppData\\Roaming\\MetaQuotes\\Terminal\\D0E8209F77C8CF37AD8BF550E51FF075', commondata_path='C:\\Users\\iqooow\\AppData\\Roaming\\MetaQuotes\\Terminal\\Common')
2026-01-07 16:34:44,433 - RazgonBot - INFO - Connected to MT5: TerminalInfo(community_account=False, community_connection=False, connected=True, dlls_allowed=False, trade_allowed=True, tradeapi_disabled=False, email_enabled=False, ftp_enabled=False, notifications_enabled=False, mqid=True, build=5488, maxbars=100000, codepage=1251, ping_last=115831, community_balance=0.0, retransmission=0.10436659207698362, company='MetaQuotes Ltd.', name='MetaTrader 5', language='Russian', path='C:\\Program Files\\MetaTrader 5', data_path='C:\\Users\\iqooow\\AppData\\Roaming\\MetaQuotes\\Terminal\\D0E8209F77C8CF37AD8BF550E51FF075', commondata_path='C:\\Users\\iqooow\\AppData\\Roaming\\MetaQuotes\\Terminal\\Common')
2026-01-07 16:34:48,721 - RazgonBot - INFO - SIGNAL SELL for EURUSD confirmed. Dist: 0.00009, ATR: 0.00014
2026-01-07 16:34:48,721 - RazgonBot - INFO - SIGNAL FOUND: EURUSD SELL
2026-01-07 16:34:48,839 - RazgonBot - INFO - Order placed: SELL 0.01 EURUSD @ 1.16886
2026-01-07 16:34:48,960 - RazgonBot - INFO - Order placed: SELL 0.01 EURUSD @ 1.16886
2026-01-07 16:34:49,079 - RazgonBot - INFO - Order placed: SELL 0.01 EURUSD @ 1.16886
2026-01-07 16:54:27,244 - RazgonBot - INFO - MT5 connection closed
2026-01-07 16:54:28,539 - RazgonBot - INFO - Trading Loop Started
2026-01-07 16:54:28,542 - RazgonBot - INFO - Connected to MT5: TerminalInfo(community_account=False, community_connection=False, connected=True, dlls_allowed=False, trade_allowed=True, tradeapi_disabled=False, email_enabled=False, ftp_enabled=False, notifications_enabled=False, mqid=True, build=5488, maxbars=100000, codepage=1251, ping_last=115831, community_balance=0.0, retransmission=0.07174311018752164, company='MetaQuotes Ltd.', name='MetaTrader 5', language='Russian', path='C:\\Program Files\\MetaTrader 5', data_path='C:\\Users\\iqooow\\AppData\\Roaming\\MetaQuotes\\Terminal\\D0E8209F77C8CF37AD8BF550E51FF075', commondata_path='C:\\Users\\iqooow\\AppData\\Roaming\\MetaQuotes\\Terminal\\Common')
2026-01-07 16:54:28,543 - RazgonBot - INFO - Daily start balance set to: 101808.82
2026-01-07 16:54:28,875 - RazgonBot - INFO - Telegram Bot Polling Started...
2026-01-07 16:54:40,890 - RazgonBot - INFO - User enabled trading via UI
2026-01-07 16:54:43,805 - RazgonBot - INFO - Sent market report for EURUSD
2026-01-07 16:54:44,005 - RazgonBot - INFO - Sent market report for GBPUSD
2026-01-07 16:54:44,203 - RazgonBot - INFO - Sent market report for XAUUSD
2026-01-07 16:54:54,251 - RazgonBot - INFO - SIGNAL SELL for EURUSD confirmed. Dist: 0.00006, ATR: 0.00013, SL_Mult: 2.0
2026-01-07 16:54:54,251 - RazgonBot - INFO - SIGNAL FOUND: EURUSD SELL
2026-01-07 16:54:54,372 - RazgonBot - INFO - Order placed: SELL 0.01 EURUSD @ 1.16871
2026-01-07 16:54:54,492 - RazgonBot - INFO - Order placed: SELL 0.01 EURUSD @ 1.16871
2026-01-07 16:54:54,611 - RazgonBot - INFO - Order placed: SELL 0.01 EURUSD @ 1.16871
2026-01-07 16:55:05,079 - RazgonBot - INFO - Scanning markets for signals...
2026-01-07 16:56:05,277 - RazgonBot - INFO - Scanning markets for signals...
2026-01-07 16:57:05,455 - RazgonBot - INFO - Scanning markets for signals...
2026-01-07 16:58:05,635 - RazgonBot - INFO - Scanning markets for signals...
2026-01-07 16:59:05,833 - RazgonBot - INFO - Scanning markets for signals...
2026-01-07 16:59:07,755 - RazgonBot - INFO - MT5 connection closed
2026-01-07 17:35:07,494 - RazgonBot - INFO - Trading Loop Started
2026-01-07 17:35:07,497 - RazgonBot - INFO - Connected to MT5: TerminalInfo(community_account=False, community_connection=False, connected=True, dlls_allowed=False, trade_allowed=True, tradeapi_disabled=False, email_enabled=False, ftp_enabled=False, notifications_enabled=False, mqid=True, build=5488, maxbars=100000, codepage=1251, ping_last=115831, community_balance=0.0, retransmission=1.8025617400106415, company='MetaQuotes Ltd.', name='MetaTrader 5', language='Russian', path='C:\\Program Files\\MetaTrader 5', data_path='C:\\Users\\iqooow\\AppData\\Roaming\\MetaQuotes\\Terminal\\D0E8209F77C8CF37AD8BF550E51FF075', commondata_path='C:\\Users\\iqooow\\AppData\\Roaming\\MetaQuotes\\Terminal\\Common')
2026-01-07 17:35:07,498 - RazgonBot - INFO - Daily start balance set to: 101807.77
2026-01-07 17:35:07,845 - RazgonBot - INFO - Telegram Bot Polling Started...
